android/app/build/intermediates/manifest_merge_blame_file/release/processReleaseMainManifest/manifest-merger-blame-release-report.txt
1<?xml version="1.0" encoding="utf-8"?>
2<manifest xmlns:android="http://schemas.android.com/apk/res/android"
3    package="com.appelm"
4    android:versionCode="1"
5    android:versionName="1.0" >
6
7    <uses-sdk
8        android:minSdkVersion="23"
9        android:targetSdkVersion="34" />
10
11    <uses-permission android:name="android.permission.INTERNET" />
11-->src/main/AndroidManifest.xml:3:5-67
11-->src/main/AndroidManifest.xml:3:22-64
12    <uses-permission android:name="android.permission.ACCESS_NETWORK_STATE" />
12-->src/main/AndroidManifest.xml:4:5-79
12-->src/main/AndroidManifest.xml:4:22-76
13    <uses-permission android:name="android.permission.CAMERA" />
13-->src/main/AndroidManifest.xml:5:5-65
13-->src/main/AndroidManifest.xml:5:22-62
14    <uses-permission android:name="android.permission.RECORD_AUDIO" />
14-->src/main/AndroidManifest.xml:6:5-70
14-->src/main/AndroidManifest.xml:6:22-68
15    <uses-permission android:name="android.permission.READ_EXTERNAL_STORAGE" />
15-->src/main/AndroidManifest.xml:7:5-80
15-->src/main/AndroidManifest.xml:7:22-77
16    <uses-permission android:name="android.permission.WRITE_EXTERNAL_STORAGE" />
16-->src/main/AndroidManifest.xml:8:5-81
16-->src/main/AndroidManifest.xml:8:22-78
17    <uses-permission android:name="android.permission.ACCESS_FINE_LOCATION" />
17-->src/main/AndroidManifest.xml:9:5-79
17-->src/main/AndroidManifest.xml:9:22-76
18    <uses-permission android:name="android.permission.ACCESS_COARSE_LOCATION" />
18-->src/main/AndroidManifest.xml:10:5-81
18-->src/main/AndroidManifest.xml:10:22-78
19    <uses-permission android:name="android.permission.VIBRATE" />
19-->src/main/AndroidManifest.xml:12:5-65
19-->src/main/AndroidManifest.xml:12:22-63
20    <uses-permission android:name="android.permission.ACCESS_WIFI_STATE" />
20-->[:react-native-community_netinfo] AndroidManifest.xml:8:5-76
20-->[:react-native-community_netinfo] AndroidManifest.xml:8:22-73
21
22    <uses-feature
22-->[:react-native-camera] AndroidManifest.xml:9:5-11:36
23        android:name="android.hardware.camera"
23-->[:react-native-camera] AndroidManifest.xml:10:9-47
24        android:required="false" />
24-->[:react-native-camera] AndroidManifest.xml:11:9-33
25    <uses-feature
25-->[:react-native-camera] AndroidManifest.xml:12:5-14:36
26        android:name="android.hardware.camera.autofocus"
26-->[:react-native-camera] AndroidManifest.xml:13:9-57
27        android:required="false" />
27-->[:react-native-camera] AndroidManifest.xml:14:9-33
28
29    <permission
29-->[androidx.core:core:1.9.0] AndroidManifest.xml:22:5-24:47
30        android:name="com.appelm.DYNAMIC_RECEIVER_NOT_EXPORTED_PERMISSION"
30-->[androidx.core:core:1.9.0] AndroidManifest.xml:23:9-81
31        android:protectionLevel="signature" />
31-->[androidx.core:core:1.9.0] AndroidManifest.xml:24:9-44
32
33    <uses-permission android:name="com.appelm.DYNAMIC_RECEIVER_NOT_EXPORTED_PERMISSION" />
33-->[androidx.core:core:1.9.0] AndroidManifest.xml:26:5-97
33-->[androidx.core:core:1.9.0] AndroidManifest.xml:26:22-94
34
35    <application
35-->src/main/AndroidManifest.xml:14:5-34:19
36        android:name="com.appelm.MainApplication"
36-->src/main/AndroidManifest.xml:15:7-38
37        android:allowBackup="false"
37-->src/main/AndroidManifest.xml:19:7-34
38        android:appComponentFactory="androidx.core.app.CoreComponentFactory"
38-->[androidx.core:core:1.9.0] AndroidManifest.xml:28:18-86
39        android:extractNativeLibs="false"
40        android:icon="@mipmap/ic_launcher"
40-->src/main/AndroidManifest.xml:17:7-41
41        android:label="@string/app_name"
41-->src/main/AndroidManifest.xml:16:7-39
42        android:roundIcon="@mipmap/ic_launcher_round"
42-->src/main/AndroidManifest.xml:18:7-52
43        android:supportsRtl="true"
43-->src/main/AndroidManifest.xml:21:7-33
44        android:theme="@style/AppTheme" >
44-->src/main/AndroidManifest.xml:20:7-38
45        <activity
45-->src/main/AndroidManifest.xml:22:7-33:18
46            android:name="com.appelm.MainActivity"
46-->src/main/AndroidManifest.xml:23:9-37
47            android:configChanges="keyboard|keyboardHidden|orientation|screenLayout|screenSize|smallestScreenSize|uiMode"
47-->src/main/AndroidManifest.xml:25:9-118
48            android:exported="true"
48-->src/main/AndroidManifest.xml:28:9-32
49            android:label="@string/app_name"
49-->src/main/AndroidManifest.xml:24:9-41
50            android:launchMode="singleTask"
50-->src/main/AndroidManifest.xml:26:9-40
51            android:windowSoftInputMode="adjustResize" >
51-->src/main/AndroidManifest.xml:27:9-51
52            <intent-filter>
52-->src/main/AndroidManifest.xml:29:9-32:25
53                <action android:name="android.intent.action.MAIN" />
53-->src/main/AndroidManifest.xml:30:13-65
53-->src/main/AndroidManifest.xml:30:21-62
54
55                <category android:name="android.intent.category.LAUNCHER" />
55-->src/main/AndroidManifest.xml:31:13-73
55-->src/main/AndroidManifest.xml:31:23-70
56            </intent-filter>
57        </activity>
58
59        <provider
59-->[:react-native-image-picker] AndroidManifest.xml:8:9-16:20
60            android:name="com.imagepicker.ImagePickerProvider"
60-->[:react-native-image-picker] AndroidManifest.xml:9:13-63
61            android:authorities="com.appelm.imagepickerprovider"
61-->[:react-native-image-picker] AndroidManifest.xml:10:13-71
62            android:exported="false"
62-->[:react-native-image-picker] AndroidManifest.xml:11:13-37
63            android:grantUriPermissions="true" >
63-->[:react-native-image-picker] AndroidManifest.xml:12:13-47
64            <meta-data
64-->[:react-native-image-picker] AndroidManifest.xml:13:13-15:70
65                android:name="android.support.FILE_PROVIDER_PATHS"
65-->[:react-native-image-picker] AndroidManifest.xml:14:17-67
66                android:resource="@xml/imagepicker_provider_paths" />
66-->[:react-native-image-picker] AndroidManifest.xml:15:17-67
67        </provider>
68
69        <service
69-->[com.google.android.gms:play-services-mlkit-barcode-scanning:16.2.0] AndroidManifest.xml:9:9-15:19
70            android:name="com.google.mlkit.common.internal.MlKitComponentDiscoveryService"
70-->[com.google.android.gms:play-services-mlkit-barcode-scanning:16.2.0] AndroidManifest.xml:10:13-91
71            android:directBootAware="true"
71-->[com.google.mlkit:common:17.2.0] AndroidManifest.xml:17:13-43
72            android:exported="false" >
72-->[com.google.android.gms:play-services-mlkit-barcode-scanning:16.2.0] AndroidManifest.xml:11:13-37
73            <meta-data
73-->[com.google.android.gms:play-services-mlkit-barcode-scanning:16.2.0] AndroidManifest.xml:12:13-14:85
74                android:name="com.google.firebase.components:com.google.mlkit.vision.barcode.internal.BarcodeRegistrar"
74-->[com.google.android.gms:play-services-mlkit-barcode-scanning:16.2.0] AndroidManifest.xml:13:17-120
75                android:value="com.google.firebase.components.ComponentRegistrar" />
75-->[com.google.android.gms:play-services-mlkit-barcode-scanning:16.2.0] AndroidManifest.xml:14:17-82
76            <meta-data
76-->[com.google.android.gms:play-services-mlkit-face-detection:16.2.0] AndroidManifest.xml:12:13-14:85
77                android:name="com.google.firebase.components:com.google.mlkit.vision.face.internal.FaceRegistrar"
77-->[com.google.android.gms:play-services-mlkit-face-detection:16.2.0] AndroidManifest.xml:13:17-114
78                android:value="com.google.firebase.components.ComponentRegistrar" />
78-->[com.google.android.gms:play-services-mlkit-face-detection:16.2.0] AndroidManifest.xml:14:17-82
79            <meta-data
79-->[com.google.android.gms:play-services-mlkit-text-recognition:16.3.0] AndroidManifest.xml:12:13-14:85
80                android:name="com.google.firebase.components:com.google.mlkit.vision.text.internal.TextRegistrar"
80-->[com.google.android.gms:play-services-mlkit-text-recognition:16.3.0] AndroidManifest.xml:13:17-114
81                android:value="com.google.firebase.components.ComponentRegistrar" />
81-->[com.google.android.gms:play-services-mlkit-text-recognition:16.3.0] AndroidManifest.xml:14:17-82
82            <meta-data
82-->[com.google.mlkit:vision-common:16.5.0] AndroidManifest.xml:12:13-14:85
83                android:name="com.google.firebase.components:com.google.mlkit.vision.common.internal.VisionCommonRegistrar"
83-->[com.google.mlkit:vision-common:16.5.0] AndroidManifest.xml:13:17-124
84                android:value="com.google.firebase.components.ComponentRegistrar" />
84-->[com.google.mlkit:vision-common:16.5.0] AndroidManifest.xml:14:17-82
85            <meta-data
85-->[com.google.mlkit:common:17.2.0] AndroidManifest.xml:20:13-22:85
86                android:name="com.google.firebase.components:com.google.mlkit.common.internal.CommonComponentRegistrar"
86-->[com.google.mlkit:common:17.2.0] AndroidManifest.xml:21:17-120
87                android:value="com.google.firebase.components.ComponentRegistrar" />
87-->[com.google.mlkit:common:17.2.0] AndroidManifest.xml:22:17-82
88        </service>
89
90        <provider
90-->[com.google.mlkit:common:17.2.0] AndroidManifest.xml:9:9-13:38
91            android:name="com.google.mlkit.common.internal.MlKitInitProvider"
91-->[com.google.mlkit:common:17.2.0] AndroidManifest.xml:10:13-78
92            android:authorities="com.appelm.mlkitinitprovider"
92-->[com.google.mlkit:common:17.2.0] AndroidManifest.xml:11:13-69
93            android:exported="false"
93-->[com.google.mlkit:common:17.2.0] AndroidManifest.xml:12:13-37
94            android:initOrder="99" />
94-->[com.google.mlkit:common:17.2.0] AndroidManifest.xml:13:13-35
95
96        <activity
96-->[com.google.android.gms:play-services-base:18.1.0] AndroidManifest.xml:20:9-22:45
97            android:name="com.google.android.gms.common.api.GoogleApiActivity"
97-->[com.google.android.gms:play-services-base:18.1.0] AndroidManifest.xml:20:19-85
98            android:exported="false"
98-->[com.google.android.gms:play-services-base:18.1.0] AndroidManifest.xml:22:19-43
99            android:theme="@android:style/Theme.Translucent.NoTitleBar" />
99-->[com.google.android.gms:play-services-base:18.1.0] AndroidManifest.xml:21:19-78
100
101        <meta-data
101-->[com.google.android.gms:play-services-basement:18.1.0] AndroidManifest.xml:21:9-23:69
102            android:name="com.google.android.gms.version"
102-->[com.google.android.gms:play-services-basement:18.1.0] AndroidManifest.xml:22:13-58
103            android:value="@integer/google_play_services_version" />
103-->[com.google.android.gms:play-services-basement:18.1.0] AndroidManifest.xml:23:13-66
104
105        <provider
105-->[androidx.emoji2:emoji2:1.2.0] AndroidManifest.xml:24:9-32:20
106            android:name="androidx.startup.InitializationProvider"
106-->[androidx.emoji2:emoji2:1.2.0] AndroidManifest.xml:25:13-67
107            android:authorities="com.appelm.androidx-startup"
107-->[androidx.emoji2:emoji2:1.2.0] AndroidManifest.xml:26:13-68
108            android:exported="false" >
108-->[androidx.emoji2:emoji2:1.2.0] AndroidManifest.xml:27:13-37
109            <meta-data
109-->[androidx.emoji2:emoji2:1.2.0] AndroidManifest.xml:29:13-31:52
110                android:name="androidx.emoji2.text.EmojiCompatInitializer"
110-->[androidx.emoji2:emoji2:1.2.0] AndroidManifest.xml:30:17-75
111                android:value="androidx.startup" />
111-->[androidx.emoji2:emoji2:1.2.0] AndroidManifest.xml:31:17-49
112            <meta-data
112-->[androidx.lifecycle:lifecycle-process:2.4.1] AndroidManifest.xml:31:13-33:52
113                android:name="androidx.lifecycle.ProcessLifecycleInitializer"
113-->[androidx.lifecycle:lifecycle-process:2.4.1] AndroidManifest.xml:32:17-78
114                android:value="androidx.startup" />
114-->[androidx.lifecycle:lifecycle-process:2.4.1] AndroidManifest.xml:33:17-49
115        </provider>
116
117        <service
117-->[com.google.android.datatransport:transport-backend-cct:2.3.3] AndroidManifest.xml:29:9-35:19
118            android:name="com.google.android.datatransport.runtime.backends.TransportBackendDiscovery"
118-->[com.google.android.datatransport:transport-backend-cct:2.3.3] AndroidManifest.xml:30:13-103
119            android:exported="false" >
119-->[com.google.android.datatransport:transport-backend-cct:2.3.3] AndroidManifest.xml:31:13-37
120            <meta-data
120-->[com.google.android.datatransport:transport-backend-cct:2.3.3] AndroidManifest.xml:32:13-34:39
121                android:name="backend:com.google.android.datatransport.cct.CctBackendFactory"
121-->[com.google.android.datatransport:transport-backend-cct:2.3.3] AndroidManifest.xml:33:17-94
122                android:value="cct" />
122-->[com.google.android.datatransport:transport-backend-cct:2.3.3] AndroidManifest.xml:34:17-36
123        </service>
124        <service
124-->[com.google.android.datatransport:transport-runtime:2.2.6] AndroidManifest.xml:26:9-30:19
125            android:name="com.google.android.datatransport.runtime.scheduling.jobscheduling.JobInfoSchedulerService"
125-->[com.google.android.datatransport:transport-runtime:2.2.6] AndroidManifest.xml:27:13-117
126            android:exported="false"
126-->[com.google.android.datatransport:transport-runtime:2.2.6] AndroidManifest.xml:28:13-37
127            android:permission="android.permission.BIND_JOB_SERVICE" >
127-->[com.google.android.datatransport:transport-runtime:2.2.6] AndroidManifest.xml:29:13-69
128        </service>
129
130        <receiver
130-->[com.google.android.datatransport:transport-runtime:2.2.6] AndroidManifest.xml:32:9-34:40
131            android:name="com.google.android.datatransport.runtime.scheduling.jobscheduling.AlarmManagerSchedulerBroadcastReceiver"
131-->[com.google.android.datatransport:transport-runtime:2.2.6] AndroidManifest.xml:33:13-132
132            android:exported="false" />
132-->[com.google.android.datatransport:transport-runtime:2.2.6] AndroidManifest.xml:34:13-37
133
134        <meta-data
134-->[com.facebook.soloader:soloader:0.11.0] AndroidManifest.xml:12:9-14:37
135            android:name="com.facebook.soloader.enabled"
135-->[com.facebook.soloader:soloader:0.11.0] AndroidManifest.xml:13:13-57
136            android:value="false" />
136-->[com.facebook.soloader:soloader:0.11.0] AndroidManifest.xml:14:13-34
137    </application>
138
139</manifest>